Arguments: 
  /snap/node/8169/bin/node /snap/node/8169/bin/yarn.js add bcrypt cookie-parser jsonwebtoken eslint-plugin-cookie-parser cors dotenv eslint express http-status jsonwebtoken mongoose prettier zod

PATH: 
  /usr/local/sbin:/usr/local/bin:/usr/sbin:/usr/bin:/sbin:/bin:/usr/games:/usr/local/games:/snap/bin:/snap/bin

Yarn version: 
  1.22.19

Node version: 
  20.11.0

Platform: 
  linux x64

Trace: 
  Error: https://registry.yarnpkg.com/eslint-plugin-cookie-parser: Not found
      at params.callback [as _callback] (/snap/node/8169/lib/cli.js:66145:18)
      at self.callback (/snap/node/8169/lib/cli.js:140890:22)
      at Request.emit (node:events:518:28)
      at Request.<anonymous> (/snap/node/8169/lib/cli.js:141862:10)
      at Request.emit (node:events:518:28)
      at IncomingMessage.<anonymous> (/snap/node/8169/lib/cli.js:141784:12)
      at Object.onceWrapper (node:events:632:28)
      at IncomingMessage.emit (node:events:530:35)
      at endReadableNT (node:internal/streams/readable:1696:12)
      at process.processTicksAndRejections (node:internal/process/task_queues:82:21)

npm manifest: 
  {
    "name": "alvyse",
    "version": "1.0.0",
    "description": "",
    "main": "index.js",
    "scripts": {
      "test": "echo \"Error: no test specified\" && exit 1"
    },
    "keywords": [],
    "author": "",
    "license": "ISC",
    "devDependencies": {
      "nodemon": "^3.0.3",
      "ts-node": "^10.9.2"
    }
  }

yarn manifest: 
  No manifest

Lockfile: 
  No lockfile
